{"uid":"e1ed69c495d0c5dd","name":"Successful login","fullName":"Tests.test_Login.TestLogin#test_2","historyId":"c2811b1721d8231bbb0fb40778ae099c","time":{"start":1728035901906,"stop":1728035902617,"duration":711},"status":"failed","statusMessage":"AssertionError: FAILURE: \ntest_Login.py:57 in test_2() -> check_with_screenshot(\nBaseClass.py:16 in check_with_screenshot() -> with check, allure.step(message):\nBaseClass.py:23 in check_with_screenshot -> assert cond\nAssertionError\n\n\n------------------------------------------------------------\nFailed Checks: 1","statusTrace":"FAILURE: \ntest_Login.py:57 in test_2() -> check_with_screenshot(\nBaseClass.py:16 in check_with_screenshot() -> with check, allure.step(message):\nBaseClass.py:23 in check_with_screenshot -> assert cond\nAssertionError\n\n\n------------------------------------------------------------\nFailed Checks: 1","flaky":false,"newFailed":false,"newBroken":false,"newPassed":false,"retriesCount":0,"retriesStatusChange":false,"beforeStages":[{"name":"setup_reporting_directories","time":{"start":1728035895226,"stop":1728035895229,"duration":3},"status":"passed","steps":[],"attachments":[],"parameters":[],"shouldDisplayMessage":false,"stepsCount":0,"attachmentsCount":0,"hasContent":false,"attachmentStep":false},{"name":"driver","time":{"start":1728035900674,"stop":1728035900896,"duration":222},"status":"passed","steps":[],"attachments":[],"parameters":[],"shouldDisplayMessage":false,"stepsCount":0,"attachmentsCount":0,"hasContent":false,"attachmentStep":false}],"testStage":{"status":"failed","statusMessage":"AssertionError: FAILURE: \ntest_Login.py:57 in test_2() -> check_with_screenshot(\nBaseClass.py:16 in check_with_screenshot() -> with check, allure.step(message):\nBaseClass.py:23 in check_with_screenshot -> assert cond\nAssertionError\n\n\n------------------------------------------------------------\nFailed Checks: 1","statusTrace":"FAILURE: \ntest_Login.py:57 in test_2() -> check_with_screenshot(\nBaseClass.py:16 in check_with_screenshot() -> with check, allure.step(message):\nBaseClass.py:23 in check_with_screenshot -> assert cond\nAssertionError\n\n\n------------------------------------------------------------\nFailed Checks: 1","steps":[{"name":"The app logo is visible after login","time":{"start":1728035902070,"stop":1728035902070,"duration":0},"status":"passed","steps":[],"attachments":[],"parameters":[],"shouldDisplayMessage":false,"stepsCount":0,"attachmentsCount":0,"hasContent":false,"attachmentStep":false},{"name":"The app logo text is correct after login","time":{"start":1728035902090,"stop":1728035902473,"duration":383},"status":"failed","statusMessage":"AssertionError\n","statusTrace":"  File \"/home/runner/work/test-repo/test-repo/Common/BaseClass.py\", line 23, in check_with_screenshot\n    assert cond\n           ^^^^\n","steps":[],"attachments":[{"uid":"299c52ed43752adf","name":"screenshot","source":"299c52ed43752adf.png","type":"image/png","size":336923}],"parameters":[],"shouldDisplayMessage":true,"stepsCount":0,"attachmentsCount":1,"hasContent":true,"attachmentStep":false},{"name":"The items are visible after login","time":{"start":1728035902485,"stop":1728035902485,"duration":0},"status":"passed","steps":[],"attachments":[],"parameters":[],"shouldDisplayMessage":false,"stepsCount":0,"attachmentsCount":0,"hasContent":false,"attachmentStep":false}],"attachments":[],"parameters":[],"shouldDisplayMessage":true,"stepsCount":3,"attachmentsCount":1,"hasContent":true,"attachmentStep":false},"afterStages":[{"name":"driver::0","time":{"start":1728035902617,"stop":1728035902683,"duration":66},"status":"passed","steps":[],"attachments":[],"parameters":[],"shouldDisplayMessage":false,"stepsCount":0,"attachmentsCount":0,"hasContent":false,"attachmentStep":false}],"labels":[{"name":"severity","value":"critical"},{"name":"feature","value":"Login"},{"name":"parentSuite","value":"Tests"},{"name":"suite","value":"test_Login"},{"name":"subSuite","value":"TestLogin"},{"name":"host","value":"fv-az1046-0"},{"name":"thread","value":"2336-MainThread"},{"name":"framework","value":"pytest"},{"name":"language","value":"cpython3"},{"name":"package","value":"Tests.test_Login"},{"name":"resultFormat","value":"allure2"}],"parameters":[{"name":"driver","value":"''"}],"links":[],"hidden":false,"retry":false,"extra":{"severity":"critical","retries":[],"categories":[{"name":"Product defects","matchedStatuses":[],"flaky":false}],"history":{"statistic":{"failed":2,"broken":0,"skipped":0,"passed":1,"unknown":0,"total":3},"items":[{"uid":"3865fb67ca403a0b","reportUrl":"https://Simeon-Zografov.github.io/test-repo/12//#testresult/3865fb67ca403a0b","status":"failed","statusDetails":"AssertionError: FAILURE: \ntest_Login.py:57 in test_2() -> check_with_screenshot(\nBaseClass.py:16 in check_with_screenshot() -> with check, allure.step(message):\nBaseClass.py:23 in check_with_screenshot -> assert cond\nAssertionError\n\n\n------------------------------------------------------------\nFailed Checks: 1","time":{"start":1728035651605,"stop":1728035652342,"duration":737}},{"uid":"861945b6be8eb47c","reportUrl":"https://Simeon-Zografov.github.io/test-repo/11//#testresult/861945b6be8eb47c","status":"passed","time":{"start":1728035272340,"stop":1728035272769,"duration":429}}]},"tags":[]},"source":"e1ed69c495d0c5dd.json","parameterValues":["''"]}