{"uid":"2204629c548c87fa","name":"Successful login","fullName":"Tests.test_Login.TestLogin#test_2","historyId":"52a9db77aa75b6c2b89b4da254d7daf1","time":{"start":1728024583541,"stop":1728024586108,"duration":2567},"status":"failed","statusMessage":"AssertionError: \u001B[31mFAILURE: \u001B[0m\n\u001B[31mtest_Login.py\u001B[0m:57 in test_2() -> \n\u001B[31mBaseClass.py\u001B[0m:14 in check_with_screenshot() -> with check, allure.step(message):\n\u001B[31mBaseClass.py\u001B[0m:21 in check_with_screenshot -> assert cond\n\u001B[31mAssertionError\n\u001B[0m\n\n------------------------------------------------------------\nFailed Checks: 1","statusTrace":"\u001B[31mFAILURE: \u001B[0m\n\u001B[31mtest_Login.py\u001B[0m:57 in test_2() -> \n\u001B[31mBaseClass.py\u001B[0m:14 in check_with_screenshot() -> with check, allure.step(message):\n\u001B[31mBaseClass.py\u001B[0m:21 in check_with_screenshot -> assert cond\n\u001B[31mAssertionError\n\u001B[0m\n\n------------------------------------------------------------\nFailed Checks: 1","flaky":false,"newFailed":false,"newBroken":false,"newPassed":false,"retriesCount":0,"retriesStatusChange":false,"beforeStages":[{"name":"setup_reporting_directories","time":{"start":1728024501288,"stop":1728024501301,"duration":13},"status":"passed","steps":[],"attachments":[],"parameters":[],"shouldDisplayMessage":false,"stepsCount":0,"attachmentsCount":0,"hasContent":false,"attachmentStep":false},{"name":"driver","time":{"start":1728024569711,"stop":1728024574881,"duration":5170},"status":"passed","steps":[],"attachments":[],"parameters":[],"shouldDisplayMessage":false,"stepsCount":0,"attachmentsCount":0,"hasContent":false,"attachmentStep":false}],"testStage":{"status":"failed","statusMessage":"AssertionError: \u001B[31mFAILURE: \u001B[0m\n\u001B[31mtest_Login.py\u001B[0m:57 in test_2() -> \n\u001B[31mBaseClass.py\u001B[0m:14 in check_with_screenshot() -> with check, allure.step(message):\n\u001B[31mBaseClass.py\u001B[0m:21 in check_with_screenshot -> assert cond\n\u001B[31mAssertionError\n\u001B[0m\n\n------------------------------------------------------------\nFailed Checks: 1","statusTrace":"\u001B[31mFAILURE: \u001B[0m\n\u001B[31mtest_Login.py\u001B[0m:57 in test_2() -> \n\u001B[31mBaseClass.py\u001B[0m:14 in check_with_screenshot() -> with check, allure.step(message):\n\u001B[31mBaseClass.py\u001B[0m:21 in check_with_screenshot -> assert cond\n\u001B[31mAssertionError\n\u001B[0m\n\n------------------------------------------------------------\nFailed Checks: 1","steps":[{"name":"The app logo is visible after login","time":{"start":1728024584808,"stop":1728024584808,"duration":0},"status":"passed","steps":[],"attachments":[],"parameters":[],"shouldDisplayMessage":false,"stepsCount":0,"attachmentsCount":0,"hasContent":false,"attachmentStep":false},{"name":"The app logo text is correct after login","time":{"start":1728024584967,"stop":1728024585294,"duration":327},"status":"failed","statusMessage":"AssertionError\n","statusTrace":"  File \"/Users/simeonzografov/PycharmProjects/newDemoProject2/Common/BaseClass.py\", line 21, in check_with_screenshot\n    assert cond\n","steps":[],"attachments":[{"uid":"e690471091382ff1","name":"screenshot","source":"e690471091382ff1.png","type":"image/png","size":654441}],"parameters":[],"shouldDisplayMessage":true,"stepsCount":0,"attachmentsCount":1,"hasContent":true,"attachmentStep":false},{"name":"The items are visible after login","time":{"start":1728024585320,"stop":1728024585320,"duration":0},"status":"passed","steps":[],"attachments":[],"parameters":[],"shouldDisplayMessage":false,"stepsCount":0,"attachmentsCount":0,"hasContent":false,"attachmentStep":false}],"attachments":[],"parameters":[],"shouldDisplayMessage":true,"stepsCount":3,"attachmentsCount":1,"hasContent":true,"attachmentStep":false},"afterStages":[{"name":"driver::0","time":{"start":1728024586108,"stop":1728024586203,"duration":95},"status":"passed","steps":[],"attachments":[],"parameters":[],"shouldDisplayMessage":false,"stepsCount":0,"attachmentsCount":0,"hasContent":false,"attachmentStep":false}],"labels":[{"name":"feature","value":"Login"},{"name":"severity","value":"critical"},{"name":"parentSuite","value":"Tests"},{"name":"suite","value":"test_Login"},{"name":"subSuite","value":"TestLogin"},{"name":"host","value":"Simeons-MacBook-Pro.local"},{"name":"thread","value":"540-MainThread"},{"name":"framework","value":"pytest"},{"name":"language","value":"cpython3"},{"name":"package","value":"Tests.test_Login"},{"name":"resultFormat","value":"allure2"}],"parameters":[{"name":"driver","value":"'Edge'"}],"links":[],"hidden":false,"retry":false,"extra":{"severity":"critical","retries":[],"categories":[{"name":"Product defects","matchedStatuses":[],"flaky":false}],"history":{"statistic":{"failed":3,"broken":0,"skipped":0,"passed":4,"unknown":0,"total":7},"items":[{"uid":"26b20d467476e13","reportUrl":"https://Simeon-Zografov.github.io/test-repo/9//#testresult/26b20d467476e13","status":"failed","statusDetails":"AssertionError: FAILURE: \ntest_Login.py:57 in test_2() -> check_with_screenshot(\nBaseClass.py:16 in check_with_screenshot() -> with check, allure.step(message):\nBaseClass.py:23 in check_with_screenshot -> assert cond\nAssertionError\n\n\n------------------------------------------------------------\nFailed Checks: 1","time":{"start":1728033371143,"stop":1728033371990,"duration":847}},{"uid":"b111b04c28f2ca95","reportUrl":"https://Simeon-Zografov.github.io/test-repo/5//#testresult/b111b04c28f2ca95","status":"passed","time":{"start":1728032232098,"stop":1728032232528,"duration":430}},{"uid":"7494efc3b50eb70a","reportUrl":"https://Simeon-Zografov.github.io/test-repo/4//#testresult/7494efc3b50eb70a","status":"passed","time":{"start":1728031971091,"stop":1728031971606,"duration":515}},{"uid":"568f232252fd7330","reportUrl":"https://Simeon-Zografov.github.io/test-repo/3//#testresult/568f232252fd7330","status":"passed","time":{"start":1728031303314,"stop":1728031303839,"duration":525}},{"uid":"78aef31d09ac6e43","reportUrl":"https://Simeon-Zografov.github.io/test-repo/2//#testresult/78aef31d09ac6e43","status":"passed","time":{"start":1728030518978,"stop":1728030519408,"duration":430}},{"uid":"401080ba13b6f333","status":"failed","statusDetails":"AssertionError: \u001B[31mFAILURE: \u001B[0m\n\u001B[31mtest_Login.py\u001B[0m:57 in test_2() -> \n\u001B[31mBaseClass.py\u001B[0m:14 in check_with_screenshot() -> with check, allure.step(message):\n\u001B[31mBaseClass.py\u001B[0m:21 in check_with_screenshot -> assert cond\n\u001B[31mAssertionError\n\u001B[0m\n\n------------------------------------------------------------\nFailed Checks: 1","time":{"start":1728024583541,"stop":1728024586108,"duration":2567}}]},"tags":[]},"source":"2204629c548c87fa.json","parameterValues":["'Edge'"]}