{"name": "Successful login", "status": "failed", "statusDetails": {"message": "AssertionError: \u001b[31mFAILURE: \u001b[0m\n\u001b[31mtest_Login.py\u001b[0m:57 in test_2() -> \n\u001b[31mBaseClass.py\u001b[0m:14 in check_with_screenshot() -> with check, allure.step(message):\n\u001b[31mBaseClass.py\u001b[0m:21 in check_with_screenshot -> assert cond\n\u001b[31mAssertionError\n\u001b[0m\n\n------------------------------------------------------------\nFailed Checks: 1", "trace": "\u001b[31mFAILURE: \u001b[0m\n\u001b[31mtest_Login.py\u001b[0m:57 in test_2() -> \n\u001b[31mBaseClass.py\u001b[0m:14 in check_with_screenshot() -> with check, allure.step(message):\n\u001b[31mBaseClass.py\u001b[0m:21 in check_with_screenshot -> assert cond\n\u001b[31mAssertionError\n\u001b[0m\n\n------------------------------------------------------------\nFailed Checks: 1"}, "steps": [{"name": "The app logo is visible after login", "status": "passed", "start": 1728024584808, "stop": 1728024584808}, {"name": "The app logo text is correct after login", "status": "failed", "statusDetails": {"message": "AssertionError\n", "trace": "  File \"/Users/simeonzografov/PycharmProjects/newDemoProject2/Common/BaseClass.py\", line 21, in check_with_screenshot\n    assert cond\n"}, "attachments": [{"name": "screenshot", "source": "ba4989f7-38f4-45ed-9195-17a59592a917-attachment.png", "type": "image/png"}], "start": 1728024584967, "stop": 1728024585294}, {"name": "The items are visible after login", "status": "passed", "start": 1728024585320, "stop": 1728024585320}], "parameters": [{"name": "driver", "value": "'Edge'"}], "start": 1728024583541, "stop": 1728024586108, "uuid": "f50288cc-0ed9-4a37-8317-a2b13329bc5f", "historyId": "52a9db77aa75b6c2b89b4da254d7daf1", "testCaseId": "c2811b1721d8231bbb0fb40778ae099c", "fullName": "Tests.test_Login.TestLogin#test_2", "labels": [{"name": "feature", "value": "Login"}, {"name": "severity", "value": "critical"}, {"name": "parentSuite", "value": "Tests"}, {"name": "suite", "value": "test_Login"}, {"name": "subSuite", "value": "TestLogin"}, {"name": "host", "value": "Simeons-MacBook-Pro.local"}, {"name": "thread", "value": "540-MainThread"}, {"name": "framework", "value": "pytest"}, {"name": "language", "value": "cpython3"}, {"name": "package", "value": "Tests.test_Login"}]}