{"name": "Visual check of the broken Home page after burger button click", "status": "failed", "statusDetails": {"message": "AssertionError: \u001b[31mFAILURE: \u001b[0m\n\u001b[31mtest_VisualTests.py\u001b[0m:58 in test_5() -> \n\u001b[31mVisualChack.py\u001b[0m:27 in visual_comparison() -> with check, allure.step(f\"Visual check for {path} in {i} iteration\"):\n\u001b[31mVisualChack.py\u001b[0m:38 in visual_comparison -> assert mismatch == 0\n\u001b[31mAssertionError\n\u001b[0m\n\n\u001b[31mFAILURE: \u001b[0m\n------------------------------------------------------------\nFailed Checks: 2", "trace": "\u001b[31mFAILURE: \u001b[0m\n\u001b[31mtest_VisualTests.py\u001b[0m:58 in test_5() -> \n\u001b[31mVisualChack.py\u001b[0m:27 in visual_comparison() -> with check, allure.step(f\"Visual check for {path} in {i} iteration\"):\n\u001b[31mVisualChack.py\u001b[0m:38 in visual_comparison -> assert mismatch == 0\n\u001b[31mAssertionError\n\u001b[0m\n\n\u001b[31mFAILURE: \u001b[0m\n------------------------------------------------------------\nFailed Checks: 2"}, "steps": [{"name": "Visual check for home_page in 1 iteration", "status": "failed", "statusDetails": {"message": "AssertionError\n", "trace": "  File \"/Users/simeonzografov/PycharmProjects/newDemoProject2/Common/VisualChack.py\", line 38, in visual_comparison\n    assert mismatch == 0\n           ^^^^^^^^^^^^^\n"}, "attachments": [{"name": "screenshot", "source": "c810f339-1cae-4634-923d-fccf493ca378-attachment.png", "type": "image/png"}], "start": 1728024801106, "stop": 1728024801619}, {"name": "Visual check for home_page in 2 iteration", "status": "failed", "statusDetails": {"message": "AssertionError\n", "trace": "  File \"/Users/simeonzografov/PycharmProjects/newDemoProject2/Common/VisualChack.py\", line 38, in visual_comparison\n    assert mismatch == 0\n           ^^^^^^^^^^^^^\n"}, "attachments": [{"name": "screenshot", "source": "9813091a-9f1c-4317-9c67-0f2b7eab1b57-attachment.png", "type": "image/png"}], "start": 1728024808027, "stop": 1728024808529}], "parameters": [{"name": "driver", "value": "'Chrome'"}], "start": 1728024793535, "stop": 1728024808533, "uuid": "a244224d-e1a7-4836-bb59-70b336113261", "historyId": "b82bcf19964e7e7b71a9c750614ceceb", "testCaseId": "309b9a56e4e97fcee7c95e1a68798317", "fullName": "Tests.test_VisualTests.TestVisual#test_5", "labels": [{"name": "feature", "value": "Home page"}, {"name": "severity", "value": "normal"}, {"name": "parentSuite", "value": "Tests"}, {"name": "suite", "value": "test_VisualTests"}, {"name": "subSuite", "value": "TestVisual"}, {"name": "host", "value": "Simeons-MacBook-Pro.local"}, {"name": "thread", "value": "540-MainThread"}, {"name": "framework", "value": "pytest"}, {"name": "language", "value": "cpython3"}, {"name": "package", "value": "Tests.test_VisualTests"}]}