{"name": "Visual check of the Home page after burger button click", "status": "failed", "statusDetails": {"message": "AssertionError: \u001b[31mFAILURE: \u001b[0m\n\u001b[31mtest_VisualTests.py\u001b[0m:38 in test_3() -> \n\u001b[31mVisualChack.py\u001b[0m:27 in visual_comparison() -> with check, allure.step(f\"Visual check for {path} in {i} iteration\"):\n\u001b[31mVisualChack.py\u001b[0m:38 in visual_comparison -> assert mismatch == 0\n\u001b[31mAssertionError\n\u001b[0m\n\n\u001b[31mFAILURE: \u001b[0m\n------------------------------------------------------------\nFailed Checks: 2", "trace": "\u001b[31mFAILURE: \u001b[0m\n\u001b[31mtest_VisualTests.py\u001b[0m:38 in test_3() -> \n\u001b[31mVisualChack.py\u001b[0m:27 in visual_comparison() -> with check, allure.step(f\"Visual check for {path} in {i} iteration\"):\n\u001b[31mVisualChack.py\u001b[0m:38 in visual_comparison -> assert mismatch == 0\n\u001b[31mAssertionError\n\u001b[0m\n\n\u001b[31mFAILURE: \u001b[0m\n------------------------------------------------------------\nFailed Checks: 2"}, "steps": [{"name": "Visual check for home_page in 1 iteration", "status": "failed", "statusDetails": {"message": "AssertionError\n", "trace": "  File \"/Users/simeonzografov/PycharmProjects/newDemoProject2/Common/VisualChack.py\", line 38, in visual_comparison\n    assert mismatch == 0\n           ^^^^^^^^^^^^^\n"}, "attachments": [{"name": "screenshot", "source": "6963c108-2a4b-4f75-ac7a-c8dd8c9c7263-attachment.png", "type": "image/png"}], "start": 1728024770098, "stop": 1728024770582}, {"name": "Visual check for home_page in 2 iteration", "status": "failed", "statusDetails": {"message": "AssertionError\n", "trace": "  File \"/Users/simeonzografov/PycharmProjects/newDemoProject2/Common/VisualChack.py\", line 38, in visual_comparison\n    assert mismatch == 0\n           ^^^^^^^^^^^^^\n"}, "attachments": [{"name": "screenshot", "source": "6765c946-b688-48cb-9b1d-3d36b9d26494-attachment.png", "type": "image/png"}], "start": 1728024777055, "stop": 1728024777555}], "parameters": [{"name": "driver", "value": "'Chrome'"}], "start": 1728024762260, "stop": 1728024778377, "uuid": "1d207599-56d3-4ee0-b0e3-d2f7372d697f", "historyId": "f351905492f20e257d3c84933f640453", "testCaseId": "d6320019cc166cef8f314b4d10d47686", "fullName": "Tests.test_VisualTests.TestVisual#test_3", "labels": [{"name": "feature", "value": "Home page"}, {"name": "severity", "value": "normal"}, {"name": "parentSuite", "value": "Tests"}, {"name": "suite", "value": "test_VisualTests"}, {"name": "subSuite", "value": "TestVisual"}, {"name": "host", "value": "Simeons-MacBook-Pro.local"}, {"name": "thread", "value": "540-MainThread"}, {"name": "framework", "value": "pytest"}, {"name": "language", "value": "cpython3"}, {"name": "package", "value": "Tests.test_VisualTests"}]}