{"name": "Visual check of the Home page", "status": "failed", "statusDetails": {"message": "AssertionError: \u001b[31mFAILURE: \u001b[0m\n\u001b[31mtest_VisualTests.py\u001b[0m:28 in test_2() -> \n\u001b[31mVisualChack.py\u001b[0m:27 in visual_comparison() -> with check, allure.step(f\"Visual check for {path} in {i} iteration\"):\n\u001b[31mVisualChack.py\u001b[0m:38 in visual_comparison -> assert mismatch == 0\n\u001b[31mAssertionError\n\u001b[0m\n\n\u001b[31mFAILURE: \u001b[0m\n------------------------------------------------------------\nFailed Checks: 2", "trace": "\u001b[31mFAILURE: \u001b[0m\n\u001b[31mtest_VisualTests.py\u001b[0m:28 in test_2() -> \n\u001b[31mVisualChack.py\u001b[0m:27 in visual_comparison() -> with check, allure.step(f\"Visual check for {path} in {i} iteration\"):\n\u001b[31mVisualChack.py\u001b[0m:38 in visual_comparison -> assert mismatch == 0\n\u001b[31mAssertionError\n\u001b[0m\n\n\u001b[31mFAILURE: \u001b[0m\n------------------------------------------------------------\nFailed Checks: 2"}, "steps": [{"name": "Visual check for home_page in 1 iteration", "status": "failed", "statusDetails": {"message": "AssertionError\n", "trace": "  File \"/Users/simeonzografov/PycharmProjects/newDemoProject2/Common/VisualChack.py\", line 38, in visual_comparison\n    assert mismatch == 0\n           ^^^^^^^^^^^^^\n"}, "attachments": [{"name": "screenshot", "source": "b6db54fd-59d3-46de-b43a-92d96d780772-attachment.png", "type": "image/png"}], "start": 1728024754548, "stop": 1728024755088}, {"name": "Visual check for home_page in 2 iteration", "status": "failed", "statusDetails": {"message": "AssertionError\n", "trace": "  File \"/Users/simeonzografov/PycharmProjects/newDemoProject2/Common/VisualChack.py\", line 38, in visual_comparison\n    assert mismatch == 0\n           ^^^^^^^^^^^^^\n"}, "attachments": [{"name": "screenshot", "source": "7442b346-8e85-40df-9909-ff79202410ad-attachment.png", "type": "image/png"}], "start": 1728024761732, "stop": 1728024762254}], "parameters": [{"name": "driver", "value": "'Chrome'"}], "start": 1728024744825, "stop": 1728024762259, "uuid": "62c4ba6e-e16a-40fa-ada4-d0ec1e646c87", "historyId": "7e2162c355f3bd4c8610625a9983e516", "testCaseId": "8409715dd7d6b547302bf6776405751b", "fullName": "Tests.test_VisualTests.TestVisual#test_2", "labels": [{"name": "feature", "value": "Home page"}, {"name": "severity", "value": "normal"}, {"name": "parentSuite", "value": "Tests"}, {"name": "suite", "value": "test_VisualTests"}, {"name": "subSuite", "value": "TestVisual"}, {"name": "host", "value": "Simeons-MacBook-Pro.local"}, {"name": "thread", "value": "540-MainThread"}, {"name": "framework", "value": "pytest"}, {"name": "language", "value": "cpython3"}, {"name": "package", "value": "Tests.test_VisualTests"}]}