{"uid":"4b4757e66a1912dae1a509f688f20b0f","name":"categories","children":[{"name":"Product defects","children":[{"name":"AssertionError: FAILURE: \ntest_Login.py:57 in test_2() -> check_with_screenshot(\nBaseClass.py:16 in check_with_screenshot() -> with check, allure.step(message):\nBaseClass.py:23 in check_with_screenshot -> assert cond\nAssertionError\n\n\n------------------------------------------------------------\nFailed Checks: 1","children":[{"name":"Successful login","uid":"83166dec4ae2dfc4","parentUid":"63123a31458e9821983f813e9b7d1e6f","status":"failed","time":{"start":1728042157860,"stop":1728042158818,"duration":958},"flaky":true,"newFailed":true,"newPassed":false,"newBroken":false,"retriesCount":0,"retriesStatusChange":false,"parameters":["'Chrome'"],"tags":[]}],"uid":"63123a31458e9821983f813e9b7d1e6f"}],"uid":"8fb3a91ba5aaf9de24cc8a92edc82b5d"}]}