{"uid":"7ab2b78111459790","name":"Successful login","fullName":"Tests.test_Login.TestLogin#test_2","historyId":"52a9db77aa75b6c2b89b4da254d7daf1","time":{"start":1728040443071,"stop":1728040443865,"duration":794},"status":"failed","statusMessage":"AssertionError: FAILURE: \ntest_Login.py:57 in test_2() -> check_with_screenshot(\nBaseClass.py:16 in check_with_screenshot() -> with check, allure.step(message):\nBaseClass.py:23 in check_with_screenshot -> assert cond\nAssertionError\n\n\n------------------------------------------------------------\nFailed Checks: 1","statusTrace":"FAILURE: \ntest_Login.py:57 in test_2() -> check_with_screenshot(\nBaseClass.py:16 in check_with_screenshot() -> with check, allure.step(message):\nBaseClass.py:23 in check_with_screenshot -> assert cond\nAssertionError\n\n\n------------------------------------------------------------\nFailed Checks: 1","flaky":false,"newFailed":false,"newBroken":false,"newPassed":false,"retriesCount":0,"retriesStatusChange":false,"beforeStages":[{"name":"setup_reporting_directories","time":{"start":1728040407339,"stop":1728040407340,"duration":1},"status":"passed","steps":[],"attachments":[],"parameters":[],"shouldDisplayMessage":false,"stepsCount":0,"attachmentsCount":0,"hasContent":false,"attachmentStep":false},{"name":"driver","time":{"start":1728040441157,"stop":1728040441628,"duration":471},"status":"passed","steps":[],"attachments":[],"parameters":[],"shouldDisplayMessage":false,"stepsCount":0,"attachmentsCount":0,"hasContent":false,"attachmentStep":false}],"testStage":{"status":"failed","statusMessage":"AssertionError: FAILURE: \ntest_Login.py:57 in test_2() -> check_with_screenshot(\nBaseClass.py:16 in check_with_screenshot() -> with check, allure.step(message):\nBaseClass.py:23 in check_with_screenshot -> assert cond\nAssertionError\n\n\n------------------------------------------------------------\nFailed Checks: 1","statusTrace":"FAILURE: \ntest_Login.py:57 in test_2() -> check_with_screenshot(\nBaseClass.py:16 in check_with_screenshot() -> with check, allure.step(message):\nBaseClass.py:23 in check_with_screenshot -> assert cond\nAssertionError\n\n\n------------------------------------------------------------\nFailed Checks: 1","steps":[{"name":"The app logo is visible after login","time":{"start":1728040443332,"stop":1728040443332,"duration":0},"status":"passed","steps":[],"attachments":[],"parameters":[],"shouldDisplayMessage":false,"stepsCount":0,"attachmentsCount":0,"hasContent":false,"attachmentStep":false},{"name":"The app logo text is correct after login","time":{"start":1728040443350,"stop":1728040443720,"duration":370},"status":"failed","statusMessage":"AssertionError\n","statusTrace":"  File \"/home/runner/work/test-repo/test-repo/Common/BaseClass.py\", line 23, in check_with_screenshot\n    assert cond\n           ^^^^\n","steps":[],"attachments":[{"uid":"ea24243883a820e7","name":"screenshot","source":"ea24243883a820e7.png","type":"image/png","size":335850}],"parameters":[],"shouldDisplayMessage":true,"stepsCount":0,"attachmentsCount":1,"hasContent":true,"attachmentStep":false},{"name":"The items are visible after login","time":{"start":1728040443731,"stop":1728040443731,"duration":0},"status":"passed","steps":[],"attachments":[],"parameters":[],"shouldDisplayMessage":false,"stepsCount":0,"attachmentsCount":0,"hasContent":false,"attachmentStep":false}],"attachments":[],"parameters":[],"shouldDisplayMessage":true,"stepsCount":3,"attachmentsCount":1,"hasContent":true,"attachmentStep":false},"afterStages":[{"name":"driver::0","time":{"start":1728040443865,"stop":1728040443935,"duration":70},"status":"passed","steps":[],"attachments":[],"parameters":[],"shouldDisplayMessage":false,"stepsCount":0,"attachmentsCount":0,"hasContent":false,"attachmentStep":false}],"labels":[{"name":"feature","value":"Login"},{"name":"severity","value":"critical"},{"name":"parentSuite","value":"Tests"},{"name":"suite","value":"test_Login"},{"name":"subSuite","value":"TestLogin"},{"name":"host","value":"fv-az1910-786"},{"name":"thread","value":"2050-MainThread"},{"name":"framework","value":"pytest"},{"name":"language","value":"cpython3"},{"name":"package","value":"Tests.test_Login"},{"name":"resultFormat","value":"allure2"}],"parameters":[{"name":"driver","value":"'Edge'"}],"links":[],"hidden":false,"retry":false,"extra":{"severity":"critical","retries":[],"categories":[{"name":"Product defects","matchedStatuses":[],"flaky":false}],"history":{"statistic":{"failed":2,"broken":0,"skipped":0,"passed":0,"unknown":0,"total":2},"items":[{"uid":"7d31eb2557f8f814","status":"failed","statusDetails":"AssertionError: \u001B[31mFAILURE: \u001B[0m\n\u001B[31mtest_Login.py\u001B[0m:57 in test_2() -> \n\u001B[31mBaseClass.py\u001B[0m:14 in check_with_screenshot() -> with check, allure.step(message):\n\u001B[31mBaseClass.py\u001B[0m:21 in check_with_screenshot -> assert cond\n\u001B[31mAssertionError\n\u001B[0m\n\n------------------------------------------------------------\nFailed Checks: 1","time":{"start":1728024583541,"stop":1728024586108,"duration":2567}}]},"tags":[]},"source":"7ab2b78111459790.json","parameterValues":["'Edge'"]}