{
  "uid" : "aa3112994ba6ca49",
  "name" : "Visual check of the broken Home page",
  "fullName" : "Tests.test_VisualTests.TestVisual#test_4",
  "historyId" : "797e24ae071c7cec39d2cf534183666e",
  "time" : {
    "start" : 1713766027006,
    "stop" : 1713766039681,
    "duration" : 12675
  },
  "status" : "failed",
  "statusMessage" : "AssertionError: \u001B[31mFAILURE: \u001B[0m\n\u001B[31mtest_VisualTests.py\u001B[0m:48 in test_4() -> visual_comparison(driver, \"home_page\", \"main\")\n\u001B[31mVisualChack.py\u001B[0m:27 in visual_comparison() -> with check, allure.step(f\"Visual check for {path} in {i} iteration\"):\n\u001B[31mVisualChack.py\u001B[0m:38 in visual_comparison -> assert mismatch == 0\n\u001B[31mAssertionError\n\u001B[0m\n\n\u001B[31mFAILURE: \u001B[0m\n------------------------------------------------------------\nFailed Checks: 2",
  "statusTrace" : "\u001B[31mFAILURE: \u001B[0m\n\u001B[31mtest_VisualTests.py\u001B[0m:48 in test_4() -> visual_comparison(driver, \"home_page\", \"main\")\n\u001B[31mVisualChack.py\u001B[0m:27 in visual_comparison() -> with check, allure.step(f\"Visual check for {path} in {i} iteration\"):\n\u001B[31mVisualChack.py\u001B[0m:38 in visual_comparison -> assert mismatch == 0\n\u001B[31mAssertionError\n\u001B[0m\n\n\u001B[31mFAILURE: \u001B[0m\n------------------------------------------------------------\nFailed Checks: 2",
  "flaky" : false,
  "beforeStages" : [ {
    "name" : "driver",
    "time" : {
      "start" : 1713766006212,
      "stop" : 1713766007612,
      "duration" : 1400
    },
    "status" : "passed",
    "steps" : [ ],
    "attachments" : [ ],
    "parameters" : [ ],
    "stepsCount" : 0,
    "attachmentsCount" : 0,
    "shouldDisplayMessage" : false,
    "hasContent" : false
  }, {
    "name" : "setup_reporting_directories",
    "time" : {
      "start" : 1713765904261,
      "stop" : 1713765904271,
      "duration" : 10
    },
    "status" : "passed",
    "steps" : [ ],
    "attachments" : [ ],
    "parameters" : [ ],
    "stepsCount" : 0,
    "attachmentsCount" : 0,
    "shouldDisplayMessage" : false,
    "hasContent" : false
  } ],
  "testStage" : {
    "status" : "failed",
    "statusMessage" : "AssertionError: \u001B[31mFAILURE: \u001B[0m\n\u001B[31mtest_VisualTests.py\u001B[0m:48 in test_4() -> visual_comparison(driver, \"home_page\", \"main\")\n\u001B[31mVisualChack.py\u001B[0m:27 in visual_comparison() -> with check, allure.step(f\"Visual check for {path} in {i} iteration\"):\n\u001B[31mVisualChack.py\u001B[0m:38 in visual_comparison -> assert mismatch == 0\n\u001B[31mAssertionError\n\u001B[0m\n\n\u001B[31mFAILURE: \u001B[0m\n------------------------------------------------------------\nFailed Checks: 2",
    "statusTrace" : "\u001B[31mFAILURE: \u001B[0m\n\u001B[31mtest_VisualTests.py\u001B[0m:48 in test_4() -> visual_comparison(driver, \"home_page\", \"main\")\n\u001B[31mVisualChack.py\u001B[0m:27 in visual_comparison() -> with check, allure.step(f\"Visual check for {path} in {i} iteration\"):\n\u001B[31mVisualChack.py\u001B[0m:38 in visual_comparison -> assert mismatch == 0\n\u001B[31mAssertionError\n\u001B[0m\n\n\u001B[31mFAILURE: \u001B[0m\n------------------------------------------------------------\nFailed Checks: 2",
    "steps" : [ {
      "name" : "Visual check for home_page in 1 iteration",
      "time" : {
        "start" : 1713766032983,
        "stop" : 1713766033491,
        "duration" : 508
      },
      "status" : "failed",
      "statusMessage" : "AssertionError\n",
      "statusTrace" : "  File \"/Users/simeonzografov/PycharmProjects/newDemoProject/Common/VisualChack.py\", line 38, in visual_comparison\n    assert mismatch == 0\n           ^^^^^^^^^^^^^\n",
      "steps" : [ ],
      "attachments" : [ {
        "uid" : "9f900484e73537b3",
        "name" : "screenshot",
        "source" : "9f900484e73537b3.png",
        "type" : "image/png",
        "size" : 234697
      } ],
      "parameters" : [ ],
      "stepsCount" : 0,
      "attachmentsCount" : 1,
      "shouldDisplayMessage" : true,
      "hasContent" : true
    }, {
      "name" : "Visual check for home_page in 2 iteration",
      "time" : {
        "start" : 1713766039177,
        "stop" : 1713766039677,
        "duration" : 500
      },
      "status" : "failed",
      "statusMessage" : "AssertionError\n",
      "statusTrace" : "  File \"/Users/simeonzografov/PycharmProjects/newDemoProject/Common/VisualChack.py\", line 38, in visual_comparison\n    assert mismatch == 0\n           ^^^^^^^^^^^^^\n",
      "steps" : [ ],
      "attachments" : [ {
        "uid" : "4c7d848bb3beb16e",
        "name" : "screenshot",
        "source" : "4c7d848bb3beb16e.png",
        "type" : "image/png",
        "size" : 222887
      } ],
      "parameters" : [ ],
      "stepsCount" : 0,
      "attachmentsCount" : 1,
      "shouldDisplayMessage" : true,
      "hasContent" : true
    } ],
    "attachments" : [ ],
    "parameters" : [ ],
    "stepsCount" : 2,
    "attachmentsCount" : 2,
    "shouldDisplayMessage" : true,
    "hasContent" : true
  },
  "afterStages" : [ {
    "name" : "driver::0",
    "time" : {
      "start" : 1713766053239,
      "stop" : 1713766053335,
      "duration" : 96
    },
    "status" : "passed",
    "steps" : [ ],
    "attachments" : [ ],
    "parameters" : [ ],
    "stepsCount" : 0,
    "attachmentsCount" : 0,
    "shouldDisplayMessage" : false,
    "hasContent" : false
  } ],
  "labels" : [ {
    "name" : "feature",
    "value" : "Home page"
  }, {
    "name" : "severity",
    "value" : "normal"
  }, {
    "name" : "parentSuite",
    "value" : "Tests"
  }, {
    "name" : "suite",
    "value" : "test_VisualTests"
  }, {
    "name" : "subSuite",
    "value" : "TestVisual"
  }, {
    "name" : "host",
    "value" : "Simeons-MacBook-Pro.local"
  }, {
    "name" : "thread",
    "value" : "30966-MainThread"
  }, {
    "name" : "framework",
    "value" : "pytest"
  }, {
    "name" : "language",
    "value" : "cpython3"
  }, {
    "name" : "package",
    "value" : "Tests.test_VisualTests"
  }, {
    "name" : "resultFormat",
    "value" : "allure2"
  } ],
  "parameters" : [ {
    "name" : "driver",
    "value" : "'Chrome'"
  } ],
  "links" : [ ],
  "hidden" : false,
  "retry" : false,
  "extra" : {
    "severity" : "normal",
    "retries" : [ ],
    "categories" : [ {
      "name" : "Product defects",
      "matchedStatuses" : [ ],
      "flaky" : false
    } ],
    "history" : {
      "statistic" : {
        "failed" : 14,
        "broken" : 0,
        "skipped" : 0,
        "passed" : 0,
        "unknown" : 0,
        "total" : 14
      },
      "items" : [ {
        "uid" : "a90dacc9e4e71a6f",
        "status" : "failed",
        "statusDetails" : "AssertionError: \u001B[31mFAILURE: \u001B[0m\n\u001B[31mtest_VisualTests.py\u001B[0m:48 in test_4() -> visual_comparison(driver, \"home_page\", \"main\")\n\u001B[31mVisualChack.py\u001B[0m:27 in visual_comparison() -> with check, allure.step(f\"Visual check for {path} in {i} iteration\"):\n\u001B[31mVisualChack.py\u001B[0m:38 in visual_comparison -> assert mismatch == 0\n\u001B[31mAssertionError\n\u001B[0m\n\n\u001B[31mFAILURE: \u001B[0m\n------------------------------------------------------------\nFailed Checks: 2",
        "time" : {
          "start" : 1713765440957,
          "stop" : 1713765453669,
          "duration" : 12712
        }
      }, {
        "uid" : "480949bb6e87ca40",
        "status" : "failed",
        "statusDetails" : "AssertionError: \u001B[31mFAILURE: \u001B[0m\n\u001B[31mtest_VisualTests.py\u001B[0m:48 in test_4() -> visual_comparison(driver, \"home_page\", \"main\")\n\u001B[31mVisualChack.py\u001B[0m:27 in visual_comparison() -> with check, allure.step(f\"Visual check for {path} in {i} iteration\"):\n\u001B[31mVisualChack.py\u001B[0m:38 in visual_comparison -> assert mismatch == 0\n\u001B[31mAssertionError\n\u001B[0m\n\n\u001B[31mFAILURE: \u001B[0m\n------------------------------------------------------------\nFailed Checks: 2",
        "time" : {
          "start" : 1713523046188,
          "stop" : 1713523058879,
          "duration" : 12691
        }
      }, {
        "uid" : "a7144018dafdc9d8",
        "status" : "failed",
        "statusDetails" : "AssertionError: \u001B[31mFAILURE: \u001B[0m\n\u001B[31mtest_VisualTests.py\u001B[0m:48 in test_4() -> visual_comparison(driver, \"home_page\", \"main\")\n\u001B[31mVisualChack.py\u001B[0m:27 in visual_comparison() -> with check, allure.step(f\"Visual check for {path} in {i} iteration\"):\n\u001B[31mVisualChack.py\u001B[0m:38 in visual_comparison -> assert mismatch == 0\n\u001B[31mAssertionError\n\u001B[0m\n\n\u001B[31mFAILURE: \u001B[0m\n------------------------------------------------------------\nFailed Checks: 2",
        "time" : {
          "start" : 1713522374491,
          "stop" : 1713522387212,
          "duration" : 12721
        }
      }, {
        "uid" : "aea3c7e9ead952e8",
        "status" : "failed",
        "statusDetails" : "AssertionError: \u001B[31mFAILURE: \u001B[0m\n\u001B[31mtest_VisualTests.py\u001B[0m:48 in test_4() -> visual_comparison(driver, \"home_page\", \"main\")\n\u001B[31mVisualChack.py\u001B[0m:27 in visual_comparison() -> with check, allure.step(f\"Visual check for {path} in {i} iteration\"):\n\u001B[31mVisualChack.py\u001B[0m:38 in visual_comparison -> assert mismatch == 0\n\u001B[31mAssertionError\n\u001B[0m\n\n\u001B[31mFAILURE: \u001B[0m\n------------------------------------------------------------\nFailed Checks: 2",
        "time" : {
          "start" : 1713521770520,
          "stop" : 1713521783189,
          "duration" : 12669
        }
      }, {
        "uid" : "42d48be03ea0d49",
        "status" : "failed",
        "statusDetails" : "AssertionError: \u001B[31mFAILURE: \u001B[0m\n\u001B[31mtest_VisualTests.py\u001B[0m:48 in test_4() -> visual_comparison(driver, \"home_page\", \"main\")\n\u001B[31mVisualChack.py\u001B[0m:27 in visual_comparison() -> with check, allure.step(f\"Visual check for {path} in {i} iteration\"):\n\u001B[31mVisualChack.py\u001B[0m:38 in visual_comparison -> assert mismatch == 0\n\u001B[31mAssertionError\n\u001B[0m\n\n\u001B[31mFAILURE: \u001B[0m\n------------------------------------------------------------\nFailed Checks: 2",
        "time" : {
          "start" : 1713521363252,
          "stop" : 1713521375945,
          "duration" : 12693
        }
      } ]
    },
    "tags" : [ ]
  },
  "source" : "aa3112994ba6ca49.json",
  "parameterValues" : [ "'Chrome'" ]
}