{"uid":"e8da8063759a8471","name":"Successful login","fullName":"Tests.test_Login.TestLogin#test_2","historyId":"52a9db77aa75b6c2b89b4da254d7daf1","time":{"start":1728041625984,"stop":1728041626455,"duration":471},"status":"passed","flaky":false,"newFailed":false,"newBroken":false,"newPassed":true,"retriesCount":0,"retriesStatusChange":false,"beforeStages":[{"name":"setup_reporting_directories","time":{"start":1728041596096,"stop":1728041596097,"duration":1},"status":"passed","steps":[],"attachments":[],"parameters":[],"shouldDisplayMessage":false,"stepsCount":0,"attachmentsCount":0,"hasContent":false,"attachmentStep":false},{"name":"driver","time":{"start":1728041623893,"stop":1728041624369,"duration":476},"status":"passed","steps":[],"attachments":[],"parameters":[],"shouldDisplayMessage":false,"stepsCount":0,"attachmentsCount":0,"hasContent":false,"attachmentStep":false}],"testStage":{"status":"passed","steps":[{"name":"The app logo is visible after login","time":{"start":1728041626292,"stop":1728041626292,"duration":0},"status":"passed","steps":[],"attachments":[],"parameters":[],"shouldDisplayMessage":false,"stepsCount":0,"attachmentsCount":0,"hasContent":false,"attachmentStep":false},{"name":"The app logo text is correct after login","time":{"start":1728041626308,"stop":1728041626308,"duration":0},"status":"passed","steps":[],"attachments":[],"parameters":[],"shouldDisplayMessage":false,"stepsCount":0,"attachmentsCount":0,"hasContent":false,"attachmentStep":false},{"name":"The items are visible after login","time":{"start":1728041626319,"stop":1728041626319,"duration":0},"status":"passed","steps":[],"attachments":[],"parameters":[],"shouldDisplayMessage":false,"stepsCount":0,"attachmentsCount":0,"hasContent":false,"attachmentStep":false}],"attachments":[],"parameters":[],"shouldDisplayMessage":false,"stepsCount":3,"attachmentsCount":0,"hasContent":true,"attachmentStep":false},"afterStages":[{"name":"driver::0","time":{"start":1728041626455,"stop":1728041626525,"duration":70},"status":"passed","steps":[],"attachments":[],"parameters":[],"shouldDisplayMessage":false,"stepsCount":0,"attachmentsCount":0,"hasContent":false,"attachmentStep":false}],"labels":[{"name":"severity","value":"critical"},{"name":"feature","value":"Login"},{"name":"parentSuite","value":"Tests"},{"name":"suite","value":"test_Login"},{"name":"subSuite","value":"TestLogin"},{"name":"host","value":"fv-az1112-104"},{"name":"thread","value":"2022-MainThread"},{"name":"framework","value":"pytest"},{"name":"language","value":"cpython3"},{"name":"package","value":"Tests.test_Login"},{"name":"resultFormat","value":"allure2"}],"parameters":[{"name":"driver","value":"'Edge'"}],"links":[],"hidden":false,"retry":false,"extra":{"severity":"critical","retries":[],"categories":[],"history":{"statistic":{"failed":3,"broken":0,"skipped":0,"passed":1,"unknown":0,"total":4},"items":[{"uid":"3fd83db63ee4ffc1","status":"failed","statusDetails":"AssertionError: FAILURE: \ntest_Login.py:57 in test_2() -> check_with_screenshot(\nBaseClass.py:16 in check_with_screenshot() -> with check, allure.step(message):\nBaseClass.py:23 in check_with_screenshot -> assert cond\nAssertionError\n\n\n------------------------------------------------------------\nFailed Checks: 1","time":{"start":1728041136875,"stop":1728041137704,"duration":829}},{"uid":"7ab2b78111459790","status":"failed","statusDetails":"AssertionError: FAILURE: \ntest_Login.py:57 in test_2() -> check_with_screenshot(\nBaseClass.py:16 in check_with_screenshot() -> with check, allure.step(message):\nBaseClass.py:23 in check_with_screenshot -> assert cond\nAssertionError\n\n\n------------------------------------------------------------\nFailed Checks: 1","time":{"start":1728040443071,"stop":1728040443865,"duration":794}},{"uid":"7d31eb2557f8f814","status":"failed","statusDetails":"AssertionError: \u001B[31mFAILURE: \u001B[0m\n\u001B[31mtest_Login.py\u001B[0m:57 in test_2() -> \n\u001B[31mBaseClass.py\u001B[0m:14 in check_with_screenshot() -> with check, allure.step(message):\n\u001B[31mBaseClass.py\u001B[0m:21 in check_with_screenshot -> assert cond\n\u001B[31mAssertionError\n\u001B[0m\n\n------------------------------------------------------------\nFailed Checks: 1","time":{"start":1728024583541,"stop":1728024586108,"duration":2567}}]},"tags":[]},"source":"e8da8063759a8471.json","parameterValues":["'Edge'"]}