{"uid":"301371e7eb1e699c","name":"Successful login","fullName":"Tests.test_Login.TestLogin#test_2","historyId":"52a9db77aa75b6c2b89b4da254d7daf1","time":{"start":1728042180250,"stop":1728042180724,"duration":474},"status":"passed","flaky":false,"newFailed":false,"newBroken":false,"newPassed":false,"retriesCount":0,"retriesStatusChange":false,"beforeStages":[{"name":"setup_reporting_directories","time":{"start":1728042147192,"stop":1728042147193,"duration":1},"status":"passed","steps":[],"attachments":[],"parameters":[],"shouldDisplayMessage":false,"stepsCount":0,"attachmentsCount":0,"hasContent":false,"attachmentStep":false},{"name":"driver","time":{"start":1728042158888,"stop":1728042177935,"duration":19047},"status":"passed","steps":[],"attachments":[],"parameters":[],"shouldDisplayMessage":false,"stepsCount":0,"attachmentsCount":0,"hasContent":false,"attachmentStep":false}],"testStage":{"status":"passed","steps":[{"name":"The app logo is visible after login","time":{"start":1728042180549,"stop":1728042180549,"duration":0},"status":"passed","steps":[],"attachments":[],"parameters":[],"shouldDisplayMessage":false,"stepsCount":0,"attachmentsCount":0,"hasContent":false,"attachmentStep":false},{"name":"The app logo text is correct after login","time":{"start":1728042180566,"stop":1728042180566,"duration":0},"status":"passed","steps":[],"attachments":[],"parameters":[],"shouldDisplayMessage":false,"stepsCount":0,"attachmentsCount":0,"hasContent":false,"attachmentStep":false},{"name":"The items are visible after login","time":{"start":1728042180576,"stop":1728042180576,"duration":0},"status":"passed","steps":[],"attachments":[],"parameters":[],"shouldDisplayMessage":false,"stepsCount":0,"attachmentsCount":0,"hasContent":false,"attachmentStep":false}],"attachments":[],"parameters":[],"shouldDisplayMessage":false,"stepsCount":3,"attachmentsCount":0,"hasContent":true,"attachmentStep":false},"afterStages":[{"name":"driver::0","time":{"start":1728042180724,"stop":1728042180795,"duration":71},"status":"passed","steps":[],"attachments":[],"parameters":[],"shouldDisplayMessage":false,"stepsCount":0,"attachmentsCount":0,"hasContent":false,"attachmentStep":false}],"labels":[{"name":"feature","value":"Login"},{"name":"severity","value":"critical"},{"name":"parentSuite","value":"Tests"},{"name":"suite","value":"test_Login"},{"name":"subSuite","value":"TestLogin"},{"name":"host","value":"fv-az1288-131"},{"name":"thread","value":"2124-MainThread"},{"name":"framework","value":"pytest"},{"name":"language","value":"cpython3"},{"name":"package","value":"Tests.test_Login"},{"name":"resultFormat","value":"allure2"}],"parameters":[{"name":"driver","value":"'Edge'"}],"links":[],"hidden":false,"retry":false,"extra":{"severity":"critical","retries":[],"categories":[],"history":{"statistic":{"failed":3,"broken":0,"skipped":0,"passed":2,"unknown":0,"total":5},"items":[{"uid":"e8da8063759a8471","status":"passed","time":{"start":1728041625984,"stop":1728041626455,"duration":471}},{"uid":"3fd83db63ee4ffc1","status":"failed","statusDetails":"AssertionError: FAILURE: \ntest_Login.py:57 in test_2() -> check_with_screenshot(\nBaseClass.py:16 in check_with_screenshot() -> with check, allure.step(message):\nBaseClass.py:23 in check_with_screenshot -> assert cond\nAssertionError\n\n\n------------------------------------------------------------\nFailed Checks: 1","time":{"start":1728041136875,"stop":1728041137704,"duration":829}},{"uid":"7ab2b78111459790","status":"failed","statusDetails":"AssertionError: FAILURE: \ntest_Login.py:57 in test_2() -> check_with_screenshot(\nBaseClass.py:16 in check_with_screenshot() -> with check, allure.step(message):\nBaseClass.py:23 in check_with_screenshot -> assert cond\nAssertionError\n\n\n------------------------------------------------------------\nFailed Checks: 1","time":{"start":1728040443071,"stop":1728040443865,"duration":794}},{"uid":"7d31eb2557f8f814","status":"failed","statusDetails":"AssertionError: \u001B[31mFAILURE: \u001B[0m\n\u001B[31mtest_Login.py\u001B[0m:57 in test_2() -> \n\u001B[31mBaseClass.py\u001B[0m:14 in check_with_screenshot() -> with check, allure.step(message):\n\u001B[31mBaseClass.py\u001B[0m:21 in check_with_screenshot -> assert cond\n\u001B[31mAssertionError\n\u001B[0m\n\n------------------------------------------------------------\nFailed Checks: 1","time":{"start":1728024583541,"stop":1728024586108,"duration":2567}}]},"tags":[]},"source":"301371e7eb1e699c.json","parameterValues":["'Edge'"]}