{"uid":"35263011e88bcb90","name":"Visual check of the broken Home page","fullName":"Tests.test_VisualTests.TestVisual#test_4","historyId":"797e24ae071c7cec39d2cf534183666e","time":{"start":1728294004935,"stop":1728294010246,"duration":5311},"status":"failed","statusMessage":"AssertionError: FAILURE: \ntest_VisualTests.py:48 in test_4() -> visual_comparison(driver, \"home_page\", \"main\")\nVisualChack.py:27 in visual_comparison() -> with check, allure.step(f\"Visual check for {path} in {i} iteration\"):\nVisualChack.py:38 in visual_comparison -> assert mismatch == 0\nAssertionError\n\n\nFAILURE: \n------------------------------------------------------------\nFailed Checks: 2","statusTrace":"FAILURE: \ntest_VisualTests.py:48 in test_4() -> visual_comparison(driver, \"home_page\", \"main\")\nVisualChack.py:27 in visual_comparison() -> with check, allure.step(f\"Visual check for {path} in {i} iteration\"):\nVisualChack.py:38 in visual_comparison -> assert mismatch == 0\nAssertionError\n\n\nFAILURE: \n------------------------------------------------------------\nFailed Checks: 2","flaky":false,"newFailed":true,"newBroken":false,"newPassed":false,"retriesCount":0,"retriesStatusChange":false,"beforeStages":[{"name":"setup_reporting_directories","time":{"start":1728293842106,"stop":1728293842107,"duration":1},"status":"passed","steps":[],"attachments":[],"parameters":[],"shouldDisplayMessage":false,"stepsCount":0,"attachmentsCount":0,"hasContent":false,"attachmentStep":false},{"name":"driver","time":{"start":1728294002704,"stop":1728294002915,"duration":211},"status":"passed","steps":[],"attachments":[],"parameters":[],"shouldDisplayMessage":false,"stepsCount":0,"attachmentsCount":0,"hasContent":false,"attachmentStep":false}],"testStage":{"status":"failed","statusMessage":"AssertionError: FAILURE: \ntest_VisualTests.py:48 in test_4() -> visual_comparison(driver, \"home_page\", \"main\")\nVisualChack.py:27 in visual_comparison() -> with check, allure.step(f\"Visual check for {path} in {i} iteration\"):\nVisualChack.py:38 in visual_comparison -> assert mismatch == 0\nAssertionError\n\n\nFAILURE: \n------------------------------------------------------------\nFailed Checks: 2","statusTrace":"FAILURE: \ntest_VisualTests.py:48 in test_4() -> visual_comparison(driver, \"home_page\", \"main\")\nVisualChack.py:27 in visual_comparison() -> with check, allure.step(f\"Visual check for {path} in {i} iteration\"):\nVisualChack.py:38 in visual_comparison -> assert mismatch == 0\nAssertionError\n\n\nFAILURE: \n------------------------------------------------------------\nFailed Checks: 2","steps":[{"name":"Visual check for home_page in 1 iteration","time":{"start":1728294007641,"stop":1728294007739,"duration":98},"status":"failed","statusMessage":"AssertionError\n","statusTrace":"  File \"/home/runner/work/test-repo/test-repo/Common/VisualChack.py\", line 38, in visual_comparison\n    assert mismatch == 0\n           ^^^^^^^^^^^^^\n","steps":[],"attachments":[{"uid":"c3b4afc2fa60d8db","name":"screenshot","source":"c3b4afc2fa60d8db.png","type":"image/png","size":94290}],"parameters":[],"shouldDisplayMessage":true,"stepsCount":0,"attachmentsCount":1,"hasContent":true,"attachmentStep":false},{"name":"Visual check for home_page in 2 iteration","time":{"start":1728294010150,"stop":1728294010242,"duration":92},"status":"failed","statusMessage":"AssertionError\n","statusTrace":"  File \"/home/runner/work/test-repo/test-repo/Common/VisualChack.py\", line 38, in visual_comparison\n    assert mismatch == 0\n           ^^^^^^^^^^^^^\n","steps":[],"attachments":[{"uid":"1153bf7d2c4b1d93","name":"screenshot","source":"1153bf7d2c4b1d93.png","type":"image/png","size":87010}],"parameters":[],"shouldDisplayMessage":true,"stepsCount":0,"attachmentsCount":1,"hasContent":true,"attachmentStep":false}],"attachments":[],"parameters":[],"shouldDisplayMessage":true,"stepsCount":2,"attachmentsCount":2,"hasContent":true,"attachmentStep":false},"afterStages":[{"name":"driver::0","time":{"start":1728294016342,"stop":1728294016412,"duration":70},"status":"passed","steps":[],"attachments":[],"parameters":[],"shouldDisplayMessage":false,"stepsCount":0,"attachmentsCount":0,"hasContent":false,"attachmentStep":false}],"labels":[{"name":"feature","value":"Home page"},{"name":"severity","value":"normal"},{"name":"parentSuite","value":"Tests"},{"name":"suite","value":"test_VisualTests"},{"name":"subSuite","value":"TestVisual"},{"name":"host","value":"fv-az790-819"},{"name":"thread","value":"2035-MainThread"},{"name":"framework","value":"pytest"},{"name":"language","value":"cpython3"},{"name":"package","value":"Tests.test_VisualTests"},{"name":"resultFormat","value":"allure2"}],"parameters":[{"name":"driver","value":"'Chrome'"}],"links":[],"hidden":false,"retry":false,"extra":{"severity":"normal","retries":[],"categories":[{"name":"Product defects","matchedStatuses":[],"flaky":false}],"history":{"statistic":{"failed":2,"broken":9,"skipped":1,"passed":0,"unknown":0,"total":12},"items":[{"uid":"ec4c18c38dad8b7b","status":"skipped","statusDetails":"Skipped: No reference screenshots found, skipping visual comparison test.","time":{"start":1728291697333,"stop":1728291697720,"duration":387}},{"uid":"d24d146b6455f576","status":"broken","statusDetails":"ValueError: ('Image sizes do not match.', 13537280, 3650560)","time":{"start":1728285644378,"stop":1728285645814,"duration":1436}},{"uid":"593f328cfa14b4e0","status":"broken","statusDetails":"ValueError: ('Image sizes do not match.', 13537280, 3650560)","time":{"start":1728285187404,"stop":1728285188848,"duration":1444}},{"uid":"6e40246d52462bff","status":"broken","statusDetails":"ValueError: ('Image sizes do not match.', 13537280, 3650560)","time":{"start":1728284436583,"stop":1728284437982,"duration":1399}},{"uid":"d91700d52cbe6b60","status":"broken","statusDetails":"ValueError: ('Image sizes do not match.', 13537280, 3650560)","time":{"start":1728042427877,"stop":1728042429288,"duration":1411}},{"uid":"240ddb165d0c922e","status":"broken","statusDetails":"ValueError: ('Image sizes do not match.', 13537280, 3650560)","time":{"start":1728042021746,"stop":1728042023188,"duration":1442}},{"uid":"94df4cba65e58163","status":"broken","statusDetails":"ValueError: ('Image sizes do not match.', 13537280, 3650560)","time":{"start":1728041723649,"stop":1728041725161,"duration":1512}},{"uid":"d7d9810122ab9b95","status":"broken","statusDetails":"ValueError: ('Image sizes do not match.', 13537280, 3650560)","time":{"start":1728041234664,"stop":1728041236118,"duration":1454}},{"uid":"5560e64b18687aa4","status":"broken","statusDetails":"ValueError: ('Image sizes do not match.', 13537280, 3650560)","time":{"start":1728040541287,"stop":1728040542726,"duration":1439}},{"uid":"a934263f2d9065fa","status":"broken","statusDetails":"ValueError: ('Image sizes do not match.', 13537280, 3384320)","time":{"start":1728038144834,"stop":1728038146490,"duration":1656}},{"uid":"fa549ba6dc13c07d","status":"failed","statusDetails":"AssertionError: \u001B[31mFAILURE: \u001B[0m\n\u001B[31mtest_VisualTests.py\u001B[0m:48 in test_4() -> \n\u001B[31mVisualChack.py\u001B[0m:27 in visual_comparison() -> with check, allure.step(f\"Visual check for {path} in {i} iteration\"):\n\u001B[31mVisualChack.py\u001B[0m:38 in visual_comparison -> assert mismatch == 0\n\u001B[31mAssertionError\n\u001B[0m\n\n\u001B[31mFAILURE: \u001B[0m\n------------------------------------------------------------\nFailed Checks: 2","time":{"start":1728024778379,"stop":1728024793534,"duration":15155}}]},"tags":[]},"source":"35263011e88bcb90.json","parameterValues":["'Chrome'"]}